<?xml version="1.0" encoding="UTF-8"?>
<!-- Generated by org.testng.reporters.JUnitXMLReporter -->
<testsuite ignored="0" hostname="Archana" failures="2" tests="107" name="Default test" time="58.022" errors="0" timestamp="2025-02-11T03:02:29 CST">
  <testcase classname="userAPI.test.UserAPI" name="testPostUser" time="1.87"/>
  <testcase classname="userAPI.test.UserAPI" name="testPostUser" time="0.369"/>
  <testcase classname="userAPI.test.UserAPI" name="testPostUser" time="0.359"/>
  <testcase classname="userAPI.test.UserAPI" name="testPostUser" time="0.395"/>
  <testcase classname="userAPI.test.UserAPI" name="testPostUser" time="0.369"/>
  <testcase classname="userAPI.test.UserAPI" name="testPostUser" time="0.362"/>
  <testcase classname="userAPI.test.UserAPI" name="testPostUser" time="0.363"/>
  <testcase classname="userAPI.test.UserAPI" name="testPostUser" time="0.377"/>
  <testcase classname="userAPI.test.UserAPI" name="testPostUser" time="0.382"/>
  <testcase classname="userAPI.test.UserAPI" name="testPostUser" time="0.378"/>
  <testcase classname="userAPI.test.UserAPI" name="testPostUser" time="0.368"/>
  <testcase classname="userAPI.test.UserAPI" name="testPostUser" time="0.384"/>
  <testcase classname="userAPI.test.UserAPI" name="testPostUser" time="0.357"/>
  <testcase classname="userAPI.test.UserAPI" name="testPostUser" time="0.38"/>
  <testcase classname="userAPI.test.UserAPI" name="testPostUser" time="0.366"/>
  <testcase classname="userAPI.test.UserAPI" name="testPostUser" time="0.387"/>
  <testcase classname="userAPI.test.UserAPI" name="testPostUser" time="0.362"/>
  <testcase classname="userAPI.test.UserAPI" name="testPostUser" time="0.389"/>
  <testcase classname="userAPI.test.UserAPI" name="testPostUser" time="0.394"/>
  <testcase classname="userAPI.test.UserAPI" name="testPostUser" time="0.36"/>
  <testcase classname="userAPI.test.UserAPI" name="testPostUser" time="0.386"/>
  <testcase classname="userAPI.test.UserAPI" name="testPostUser" time="0.36"/>
  <testcase classname="userAPI.test.UserAPI" name="testPostUser" time="0.363"/>
  <testcase classname="userAPI.test.UserAPI" name="testPostUser" time="0.374"/>
  <testcase classname="userAPI.test.UserAPI" name="testPostUser" time="0.352"/>
  <testcase classname="userAPI.test.UserAPI" name="testPostUser" time="0.345"/>
  <testcase classname="userAPI.test.UserAPI" name="testPostUser" time="0.361"/>
  <testcase classname="userAPI.test.UserAPI" name="testPostUser" time="0.373"/>
  <testcase classname="userAPI.test.UserAPI" name="testPostUser" time="0.365"/>
  <testcase classname="userAPI.test.UserAPI" name="testPostUser" time="0.379"/>
  <testcase classname="userAPI.test.UserAPI" name="testPostUser" time="0.361"/>
  <testcase classname="userAPI.test.UserAPI" name="testPostUser" time="0.394"/>
  <testcase classname="userAPI.test.UserAPI" name="testPostUser" time="0.357"/>
  <testcase classname="userAPI.test.UserAPI" name="testPostUser" time="0.35"/>
  <testcase classname="userAPI.test.UserAPI" name="testPostUser" time="0.829"/>
  <testcase classname="userAPI.test.UserAPI" name="testGetAllUsers" time="4.176"/>
  <testcase classname="userAPI.test.UserAPI" name="testGetAllUsers" time="0.382"/>
  <testcase classname="userAPI.test.UserAPI" name="testGetAllUsers" time="0.35"/>
  <testcase classname="userAPI.test.UserAPI" name="testGetAllUsers" time="0.335"/>
  <testcase classname="userAPI.test.UserAPI" name="GetUserById" time="0.377"/>
  <testcase classname="userAPI.test.UserAPI" name="GetUserById" time="0.355"/>
  <testcase classname="userAPI.test.UserAPI" name="GetUserById" time="0.365"/>
  <testcase classname="userAPI.test.UserAPI" name="GetUserById" time="0.351"/>
  <testcase classname="userAPI.test.UserAPI" name="GetUserById" time="0.351"/>
  <testcase classname="userAPI.test.UserAPI" name="GetUserById" time="0.36"/>
  <testcase classname="userAPI.test.UserAPI" name="GetUserById" time="0.36"/>
  <testcase classname="userAPI.test.UserAPI" name="GetUserByFirstName" time="0.424"/>
  <testcase classname="userAPI.test.UserAPI" name="GetUserByFirstName" time="0.338"/>
  <testcase classname="userAPI.test.UserAPI" name="GetUserByFirstName" time="0.4"/>
  <testcase classname="userAPI.test.UserAPI" name="GetUserByFirstName" time="0.344"/>
  <testcase classname="userAPI.test.UserAPI" name="GetUserByFirstName" time="0.349"/>
  <testcase classname="userAPI.test.UserAPI" name="GetUserByFirstName" time="0.36"/>
  <testcase classname="userAPI.test.UserAPI" name="GetUserByFirstName" time="0.354"/>
  <testcase classname="userAPI.test.UserAPI" name="GetUserByFirstName" time="0.386"/>
  <testcase classname="userAPI.test.UserAPI" name="GetUserByFirstName" time="0.332"/>
  <testcase classname="userAPI.test.UserAPI" name="GetUserByFirstName" time="0.338"/>
  <testcase classname="userAPI.test.UserAPI" name="GetUserByFirstName" time="0.363"/>
  <testcase classname="userAPI.test.UserAPI" name="GetUserByFirstName" time="0.363"/>
  <testcase classname="userAPI.test.UserAPI" name="UpdateUserById" time="0.531"/>
  <testcase classname="userAPI.test.UserAPI" name="UpdateUserById" time="0.357"/>
  <testcase classname="userAPI.test.UserAPI" name="UpdateUserById" time="0.328"/>
  <testcase classname="userAPI.test.UserAPI" name="UpdateUserById" time="0.351"/>
  <testcase classname="userAPI.test.UserAPI" name="UpdateUserById" time="0.354"/>
  <testcase classname="userAPI.test.UserAPI" name="UpdateUserById" time="0.353"/>
  <testcase classname="userAPI.test.UserAPI" name="UpdateUserById" time="0.353"/>
  <testcase classname="userAPI.test.UserAPI" name="UpdateUserById" time="0.359"/>
  <testcase classname="userAPI.test.UserAPI" name="UpdateUserById" time="0.35"/>
  <testcase classname="userAPI.test.UserAPI" name="UpdateUserById" time="0.364"/>
  <testcase classname="userAPI.test.UserAPI" name="UpdateUserById" time="0.348"/>
  <testcase classname="userAPI.test.UserAPI" name="UpdateUserById" time="0.349"/>
  <testcase classname="userAPI.test.UserAPI" name="UpdateUserById" time="0.36"/>
  <testcase classname="userAPI.test.UserAPI" name="UpdateUserById" time="0.365"/>
  <testcase classname="userAPI.test.UserAPI" name="UpdateUserById" time="0.382"/>
  <testcase classname="userAPI.test.UserAPI" name="UpdateUserById" time="0.347"/>
  <testcase classname="userAPI.test.UserAPI" name="UpdateUserById" time="0.348"/>
  <testcase classname="userAPI.test.UserAPI" name="UpdateUserById" time="0.367"/>
  <testcase classname="userAPI.test.UserAPI" name="UpdateUserById" time="0.352"/>
  <testcase classname="userAPI.test.UserAPI" name="UpdateUserById" time="0.35"/>
  <testcase classname="userAPI.test.UserAPI" name="UpdateUserById" time="0.356"/>
  <testcase classname="userAPI.test.UserAPI" name="UpdateUserById" time="0.349"/>
  <testcase classname="userAPI.test.UserAPI" name="UpdateUserById" time="0.34"/>
  <testcase classname="userAPI.test.UserAPI" name="UpdateUserById" time="0.404"/>
  <testcase classname="userAPI.test.UserAPI" name="UpdateUserById" time="0.354"/>
  <testcase classname="userAPI.test.UserAPI" name="UpdateUserById" time="0.347"/>
  <testcase classname="userAPI.test.UserAPI" name="UpdateUserById" time="0.364"/>
  <testcase classname="userAPI.test.UserAPI" name="UpdateUserById" time="0.367"/>
  <testcase classname="userAPI.test.UserAPI" name="UpdateUserById" time="0.349"/>
  <testcase classname="userAPI.test.UserAPI" name="UpdateUserById" time="0.345"/>
  <testcase classname="userAPI.test.UserAPI" name="UpdateUserById" time="0.368"/>
  <testcase classname="userAPI.test.UserAPI" name="UpdateUserById" time="0.346"/>
  <testcase classname="userAPI.test.UserAPI" name="UpdateUserById" time="0.368"/>
  <testcase classname="userAPI.test.UserAPI" name="UpdateUserById" time="0.357"/>
  <testcase classname="userAPI.test.UserAPI" name="UpdateUserById" time="0.361"/>
  <testcase classname="userAPI.test.UserAPI" name="UpdateUserById" time="0.368"/>
  <testcase classname="userAPI.test.UserAPI" name="UpdateUserById" time="0.356"/>
  <testcase classname="userAPI.test.UserAPI" name="UpdateUserById" time="0.344"/>
  <testcase classname="userAPI.test.UserAPI" name="DeleteUserByID" time="0.339"/>
  <testcase classname="userAPI.test.UserAPI" name="DeleteUserByID" time="0.342"/>
  <testcase classname="userAPI.test.UserAPI" name="DeleteUserByID" time="0.401"/>
  <testcase classname="userAPI.test.UserAPI" name="DeleteUserByID" time="0.356"/>
  <testcase classname="userAPI.test.UserAPI" name="DeleteUserByID" time="0.342"/>
  <testcase classname="userAPI.test.UserAPI" name="DeleteUserByID" time="0.347"/>
  <testcase classname="userAPI.test.UserAPI" name="DeleteUserByID" time="0.352"/>
  <testcase classname="userAPI.test.UserAPI" name="DeleteUserByID" time="0.349"/>
  <testcase classname="userAPI.test.UserAPI" name="DeleteUserByID" time="0.344"/>
  <testcase classname="userAPI.test.UserAPI" name="testPostUserWithMandatoryDetails" time="0.0">
    <failure type="org.testng.TestNGException" message="
Cannot inject @Test annotated Method [testPostUserWithMandatoryDetails] with [class java.lang.String, class java.lang.String, class java.lang.String, class java.lang.String].
For more information on native dependency injection please refer to https://testng.org/doc/documentation-main.html#native-dependency-injection">
      <![CDATA[org.testng.TestNGException: 
Cannot inject @Test annotated Method [testPostUserWithMandatoryDetails] with [class java.lang.String, class java.lang.String, class java.lang.String, class java.lang.String].
For more information on native dependency injection please refer to https://testng.org/doc/documentation-main.html#native-dependency-injection
at org.testng.internal.Parameters.checkParameterTypes(Parameters.java:445)
at org.testng.internal.Parameters.createParametersForMethod(Parameters.java:350)
at org.testng.internal.Parameters.createParameters(Parameters.java:702)
at org.testng.internal.Parameters.handleParameters(Parameters.java:888)
at org.testng.internal.Parameters.handleParameters(Parameters.java:737)
at org.testng.internal.invokers.ParameterHandler.handleParameters(ParameterHandler.java:72)
at org.testng.internal.invokers.ParameterHandler.createParameters(ParameterHandler.java:51)
at org.testng.internal.invokers.TestInvoker$MethodInvocationAgent.invoke(TestInvoker.java:915)
at org.testng.internal.invokers.TestInvoker.invokeTestMethods(TestInvoker.java:201)
at org.testng.internal.invokers.TestMethodWorker.invokeTestMethods(TestMethodWorker.java:148)
at org.testng.internal.invokers.TestMethodWorker.run(TestMethodWorker.java:128)
at java.base/java.util.ArrayList.forEach(ArrayList.java:1597)
at org.testng.TestRunner.privateRun(TestRunner.java:819)
at org.testng.TestRunner.run(TestRunner.java:619)
at org.testng.SuiteRunner.runTest(SuiteRunner.java:443)
at org.testng.SuiteRunner.runSequentially(SuiteRunner.java:437)
at org.testng.SuiteRunner.privateRun(SuiteRunner.java:397)
at org.testng.SuiteRunner.run(SuiteRunner.java:336)
at org.testng.SuiteRunnerWorker.runSuite(SuiteRunnerWorker.java:52)
at org.testng.SuiteRunnerWorker.run(SuiteRunnerWorker.java:95)
at org.testng.TestNG.runSuitesSequentially(TestNG.java:1301)
at org.testng.TestNG.runSuitesLocally(TestNG.java:1228)
at org.testng.TestNG.runSuites(TestNG.java:1134)
at org.testng.TestNG.run(TestNG.java:1101)
at org.testng.remote.AbstractRemoteTestNG.run(AbstractRemoteTestNG.java:115)
at org.testng.remote.RemoteTestNG.initAndRun(RemoteTestNG.java:293)
at org.testng.remote.RemoteTestNG.main(RemoteTestNG.java:91)
]]>
    </failure>
  </testcase> <!-- testPostUserWithMandatoryDetails -->
  <testcase classname="userAPI.test.UserAPI" name="DeleteUserByFirstName" time="0.46">
    <failure type="org.testng.internal.reflect.MethodMatcherException" message="
[public void userAPI.test.UserAPI.DeleteUserByFirstName(java.lang.String,java.lang.String,java.lang.String,java.lang.String,java.lang.String,java.lang.String,java.lang.String)] has no parameters defined but was found to be using a data provider (either explicitly specified or inherited from class level annotation).
Data provider mismatch
Method: DeleteUserByFirstName([java.lang.String arg0, java.lang.String arg1, java.lang.String arg2, java.lang.String arg3, java.lang.String arg4, java.lang.String arg5, java.lang.String arg6])
Arguments: [(java.lang.String) ,(java.lang.String) ,(java.lang.String) ,(java.lang.String) 200,(java.lang.String) Valid User FirstName(401)]">
      <![CDATA[org.testng.internal.reflect.MethodMatcherException: 
[public void userAPI.test.UserAPI.DeleteUserByFirstName(java.lang.String,java.lang.String,java.lang.String,java.lang.String,java.lang.String,java.lang.String,java.lang.String)] has no parameters defined but was found to be using a data provider (either explicitly specified or inherited from class level annotation).
Data provider mismatch
Method: DeleteUserByFirstName([java.lang.String arg0, java.lang.String arg1, java.lang.String arg2, java.lang.String arg3, java.lang.String arg4, java.lang.String arg5, java.lang.String arg6])
Arguments: [(java.lang.String) ,(java.lang.String) ,(java.lang.String) ,(java.lang.String) 200,(java.lang.String) Valid User FirstName(401)]
at org.testng.internal.reflect.DataProviderMethodMatcher.getConformingArguments(DataProviderMethodMatcher.java:46)
at org.testng.internal.Parameters.injectParameters(Parameters.java:918)
at org.testng.internal.invokers.MethodRunner.runInSequence(MethodRunner.java:50)
at org.testng.internal.invokers.TestInvoker$MethodInvocationAgent.invoke(TestInvoker.java:961)
at org.testng.internal.invokers.TestInvoker.invokeTestMethods(TestInvoker.java:201)
at org.testng.internal.invokers.TestMethodWorker.invokeTestMethods(TestMethodWorker.java:148)
at org.testng.internal.invokers.TestMethodWorker.run(TestMethodWorker.java:128)
at java.base/java.util.ArrayList.forEach(ArrayList.java:1597)
at org.testng.TestRunner.privateRun(TestRunner.java:819)
at org.testng.TestRunner.run(TestRunner.java:619)
at org.testng.SuiteRunner.runTest(SuiteRunner.java:443)
at org.testng.SuiteRunner.runSequentially(SuiteRunner.java:437)
at org.testng.SuiteRunner.privateRun(SuiteRunner.java:397)
at org.testng.SuiteRunner.run(SuiteRunner.java:336)
at org.testng.SuiteRunnerWorker.runSuite(SuiteRunnerWorker.java:52)
at org.testng.SuiteRunnerWorker.run(SuiteRunnerWorker.java:95)
at org.testng.TestNG.runSuitesSequentially(TestNG.java:1301)
at org.testng.TestNG.runSuitesLocally(TestNG.java:1228)
at org.testng.TestNG.runSuites(TestNG.java:1134)
at org.testng.TestNG.run(TestNG.java:1101)
at org.testng.remote.AbstractRemoteTestNG.run(AbstractRemoteTestNG.java:115)
at org.testng.remote.RemoteTestNG.initAndRun(RemoteTestNG.java:293)
at org.testng.remote.RemoteTestNG.main(RemoteTestNG.java:91)
]]>
    </failure>
  </testcase> <!-- DeleteUserByFirstName -->
</testsuite> <!-- Default test -->
