<?xml version="1.0" encoding="UTF-8"?>
<testng-results ignored="0" total="107" passed="105" failed="2" skipped="0">
  <reporter-output>
  </reporter-output>
  <suite started-at="2025-02-11T03:01:31 CST" name="Default suite" finished-at="2025-02-11T03:02:29 CST" duration-ms="58022">
    <groups>
    </groups>
    <test started-at="2025-02-11T03:01:31 CST" name="Default test" finished-at="2025-02-11T03:02:29 CST" duration-ms="58022">
      <class name="userAPI.test.UserAPI">
        <test-method is-config="true" signature="setup()[pri:0, instance:userAPI.test.UserAPI@69c43e48]" started-at="2025-02-11T03:01:38 CST" name="setup" finished-at="2025-02-11T03:01:38 CST" duration-ms="14" status="PASS">
          <reporter-output>
          </reporter-output>
        </test-method> <!-- setup -->
        <test-method signature="testPostUser(java.lang.String,java.lang.String,java.lang.String,java.lang.String,java.lang.String,java.lang.String,java.lang.String,java.lang.String,java.lang.String,java.lang.String,java.lang.String,java.lang.String,java.lang.String,java.lang.String)[pri:1, instance:userAPI.test.UserAPI@69c43e48]" started-at="2025-02-11T03:01:38 CST" name="testPostUser" data-provider="PostUser" finished-at="2025-02-11T03:01:40 CST" duration-ms="1870" status="PASS">
          <params>
            <param index="0">
              <value>
                <![CDATA[application/json]]>
              </value>
            </param>
            <param index="1">
              <value>
                <![CDATA[]]>
              </value>
            </param>
            <param index="2">
              <value>
                <![CDATA[]]>
              </value>
            </param>
            <param index="3">
              <value>
                <![CDATA[JOHN234]]>
              </value>
            </param>
            <param index="4">
              <value>
                <![CDATA[Danny]]>
              </value>
            </param>
            <param index="5">
              <value>
                <![CDATA[8511139341]]>
              </value>
            </param>
            <param index="6">
              <value>
                <![CDATA[myteam07trial07@gmail.com]]>
              </value>
            </param>
            <param index="7">
              <value>
                <![CDATA[19-a]]>
              </value>
            </param>
            <param index="8">
              <value>
                <![CDATA[Lincoln Dr]]>
              </value>
            </param>
            <param index="9">
              <value>
                <![CDATA[Wisconsin]]>
              </value>
            </param>
            <param index="10">
              <value>
                <![CDATA[USA]]>
              </value>
            </param>
            <param index="11">
              <value>
                <![CDATA[53151]]>
              </value>
            </param>
            <param index="12">
              <value>
                <![CDATA[400]]>
              </value>
            </param>
            <param index="13">
              <value>
                <![CDATA[FirstName(Alpha Numberic)]]>
              </value>
            </param>
          </params>
          <reporter-output>
          </reporter-output>
        </test-method> <!-- testPostUser -->
        <test-method is-config="true" signature="setup()[pri:0, instance:userAPI.test.UserAPI@69c43e48]" started-at="2025-02-11T03:01:40 CST" name="setup" finished-at="2025-02-11T03:01:40 CST" duration-ms="1" status="PASS">
          <reporter-output>
          </reporter-output>
        </test-method> <!-- setup -->
        <test-method signature="testPostUser(java.lang.String,java.lang.String,java.lang.String,java.lang.String,java.lang.String,java.lang.String,java.lang.String,java.lang.String,java.lang.String,java.lang.String,java.lang.String,java.lang.String,java.lang.String,java.lang.String)[pri:1, instance:userAPI.test.UserAPI@69c43e48]" started-at="2025-02-11T03:01:40 CST" name="testPostUser" data-provider="PostUser" finished-at="2025-02-11T03:01:40 CST" duration-ms="369" status="PASS">
          <params>
            <param index="0">
              <value>
                <![CDATA[application/json]]>
              </value>
            </param>
            <param index="1">
              <value>
                <![CDATA[]]>
              </value>
            </param>
            <param index="2">
              <value>
                <![CDATA[]]>
              </value>
            </param>
            <param index="3">
              <value>
                <![CDATA[JOHN]]>
              </value>
            </param>
            <param index="4">
              <value>
                <![CDATA[]]>
              </value>
            </param>
            <param index="5">
              <value>
                <![CDATA[8511139341]]>
              </value>
            </param>
            <param index="6">
              <value>
                <![CDATA[myteam07trial07@gmail.com]]>
              </value>
            </param>
            <param index="7">
              <value>
                <![CDATA[19-a]]>
              </value>
            </param>
            <param index="8">
              <value>
                <![CDATA[Lincoln Dr]]>
              </value>
            </param>
            <param index="9">
              <value>
                <![CDATA[Wisconsin]]>
              </value>
            </param>
            <param index="10">
              <value>
                <![CDATA[USA]]>
              </value>
            </param>
            <param index="11">
              <value>
                <![CDATA[53151]]>
              </value>
            </param>
            <param index="12">
              <value>
                <![CDATA[400]]>
              </value>
            </param>
            <param index="13">
              <value>
                <![CDATA[without LastName]]>
              </value>
            </param>
          </params>
          <reporter-output>
          </reporter-output>
        </test-method> <!-- testPostUser -->
        <test-method is-config="true" signature="setup()[pri:0, instance:userAPI.test.UserAPI@69c43e48]" started-at="2025-02-11T03:01:40 CST" name="setup" finished-at="2025-02-11T03:01:40 CST" duration-ms="1" status="PASS">
          <reporter-output>
          </reporter-output>
        </test-method> <!-- setup -->
        <test-method signature="testPostUser(java.lang.String,java.lang.String,java.lang.String,java.lang.String,java.lang.String,java.lang.String,java.lang.String,java.lang.String,java.lang.String,java.lang.String,java.lang.String,java.lang.String,java.lang.String,java.lang.String)[pri:1, instance:userAPI.test.UserAPI@69c43e48]" started-at="2025-02-11T03:01:40 CST" name="testPostUser" data-provider="PostUser" finished-at="2025-02-11T03:01:41 CST" duration-ms="359" status="PASS">
          <params>
            <param index="0">
              <value>
                <![CDATA[application/json]]>
              </value>
            </param>
            <param index="1">
              <value>
                <![CDATA[]]>
              </value>
            </param>
            <param index="2">
              <value>
                <![CDATA[]]>
              </value>
            </param>
            <param index="3">
              <value>
                <![CDATA[John@123]]>
              </value>
            </param>
            <param index="4">
              <value>
                <![CDATA[Danny]]>
              </value>
            </param>
            <param index="5">
              <value>
                <![CDATA[8511139341]]>
              </value>
            </param>
            <param index="6">
              <value>
                <![CDATA[myteam07trial07@gmail.com]]>
              </value>
            </param>
            <param index="7">
              <value>
                <![CDATA[19-a]]>
              </value>
            </param>
            <param index="8">
              <value>
                <![CDATA[Lincoln Dr]]>
              </value>
            </param>
            <param index="9">
              <value>
                <![CDATA[Wisconsin]]>
              </value>
            </param>
            <param index="10">
              <value>
                <![CDATA[USA]]>
              </value>
            </param>
            <param index="11">
              <value>
                <![CDATA[53151]]>
              </value>
            </param>
            <param index="12">
              <value>
                <![CDATA[400]]>
              </value>
            </param>
            <param index="13">
              <value>
                <![CDATA[FirstName(spl Char)]]>
              </value>
            </param>
          </params>
          <reporter-output>
          </reporter-output>
        </test-method> <!-- testPostUser -->
        <test-method is-config="true" signature="setup()[pri:0, instance:userAPI.test.UserAPI@69c43e48]" started-at="2025-02-11T03:01:41 CST" name="setup" finished-at="2025-02-11T03:01:41 CST" duration-ms="2" status="PASS">
          <reporter-output>
          </reporter-output>
        </test-method> <!-- setup -->
        <test-method signature="testPostUser(java.lang.String,java.lang.String,java.lang.String,java.lang.String,java.lang.String,java.lang.String,java.lang.String,java.lang.String,java.lang.String,java.lang.String,java.lang.String,java.lang.String,java.lang.String,java.lang.String)[pri:1, instance:userAPI.test.UserAPI@69c43e48]" started-at="2025-02-11T03:01:41 CST" name="testPostUser" data-provider="PostUser" finished-at="2025-02-11T03:01:41 CST" duration-ms="395" status="PASS">
          <params>
            <param index="0">
              <value>
                <![CDATA[application/json]]>
              </value>
            </param>
            <param index="1">
              <value>
                <![CDATA[]]>
              </value>
            </param>
            <param index="2">
              <value>
                <![CDATA[]]>
              </value>
            </param>
            <param index="3">
              <value>
                <![CDATA[JOHN]]>
              </value>
            </param>
            <param index="4">
              <value>
                <![CDATA[Team1234]]>
              </value>
            </param>
            <param index="5">
              <value>
                <![CDATA[8511139341]]>
              </value>
            </param>
            <param index="6">
              <value>
                <![CDATA[myteam07trial07@gmail.com]]>
              </value>
            </param>
            <param index="7">
              <value>
                <![CDATA[19-a]]>
              </value>
            </param>
            <param index="8">
              <value>
                <![CDATA[Lincoln Dr]]>
              </value>
            </param>
            <param index="9">
              <value>
                <![CDATA[Wisconsin]]>
              </value>
            </param>
            <param index="10">
              <value>
                <![CDATA[USA]]>
              </value>
            </param>
            <param index="11">
              <value>
                <![CDATA[53151]]>
              </value>
            </param>
            <param index="12">
              <value>
                <![CDATA[400]]>
              </value>
            </param>
            <param index="13">
              <value>
                <![CDATA[LastName(AlphaNumberic)]]>
              </value>
            </param>
          </params>
          <reporter-output>
          </reporter-output>
        </test-method> <!-- testPostUser -->
        <test-method is-config="true" signature="setup()[pri:0, instance:userAPI.test.UserAPI@69c43e48]" started-at="2025-02-11T03:01:41 CST" name="setup" finished-at="2025-02-11T03:01:41 CST" duration-ms="1" status="PASS">
          <reporter-output>
          </reporter-output>
        </test-method> <!-- setup -->
        <test-method signature="testPostUser(java.lang.String,java.lang.String,java.lang.String,java.lang.String,java.lang.String,java.lang.String,java.lang.String,java.lang.String,java.lang.String,java.lang.String,java.lang.String,java.lang.String,java.lang.String,java.lang.String)[pri:1, instance:userAPI.test.UserAPI@69c43e48]" started-at="2025-02-11T03:01:41 CST" name="testPostUser" data-provider="PostUser" finished-at="2025-02-11T03:01:41 CST" duration-ms="369" status="PASS">
          <params>
            <param index="0">
              <value>
                <![CDATA[application/json]]>
              </value>
            </param>
            <param index="1">
              <value>
                <![CDATA[]]>
              </value>
            </param>
            <param index="2">
              <value>
                <![CDATA[]]>
              </value>
            </param>
            <param index="3">
              <value>
                <![CDATA[JOHN]]>
              </value>
            </param>
            <param index="4">
              <value>
                <![CDATA[Team$$%*]]>
              </value>
            </param>
            <param index="5">
              <value>
                <![CDATA[8511139341]]>
              </value>
            </param>
            <param index="6">
              <value>
                <![CDATA[myteam07trial07@gmail.com]]>
              </value>
            </param>
            <param index="7">
              <value>
                <![CDATA[19-a]]>
              </value>
            </param>
            <param index="8">
              <value>
                <![CDATA[Lincoln Dr]]>
              </value>
            </param>
            <param index="9">
              <value>
                <![CDATA[Wisconsin]]>
              </value>
            </param>
            <param index="10">
              <value>
                <![CDATA[USA]]>
              </value>
            </param>
            <param index="11">
              <value>
                <![CDATA[53151]]>
              </value>
            </param>
            <param index="12">
              <value>
                <![CDATA[400]]>
              </value>
            </param>
            <param index="13">
              <value>
                <![CDATA[LastName(SpecialChar)]]>
              </value>
            </param>
          </params>
          <reporter-output>
          </reporter-output>
        </test-method> <!-- testPostUser -->
        <test-method signature="testPostUser(java.lang.String,java.lang.String,java.lang.String,java.lang.String,java.lang.String,java.lang.String,java.lang.String,java.lang.String,java.lang.String,java.lang.String,java.lang.String,java.lang.String,java.lang.String,java.lang.String)[pri:1, instance:userAPI.test.UserAPI@69c43e48]" started-at="2025-02-11T03:01:41 CST" name="testPostUser" data-provider="PostUser" finished-at="2025-02-11T03:01:42 CST" duration-ms="362" status="PASS">
          <params>
            <param index="0">
              <value>
                <![CDATA[application/json]]>
              </value>
            </param>
            <param index="1">
              <value>
                <![CDATA[]]>
              </value>
            </param>
            <param index="2">
              <value>
                <![CDATA[]]>
              </value>
            </param>
            <param index="3">
              <value>
                <![CDATA[JOHN]]>
              </value>
            </param>
            <param index="4">
              <value>
                <![CDATA[Danny]]>
              </value>
            </param>
            <param index="5">
              <value>
                <![CDATA[]]>
              </value>
            </param>
            <param index="6">
              <value>
                <![CDATA[myteam07trial07@gmail.com]]>
              </value>
            </param>
            <param index="7">
              <value>
                <![CDATA[19-a]]>
              </value>
            </param>
            <param index="8">
              <value>
                <![CDATA[Lincoln Dr]]>
              </value>
            </param>
            <param index="9">
              <value>
                <![CDATA[Wisconsin]]>
              </value>
            </param>
            <param index="10">
              <value>
                <![CDATA[USA]]>
              </value>
            </param>
            <param index="11">
              <value>
                <![CDATA[53151]]>
              </value>
            </param>
            <param index="12">
              <value>
                <![CDATA[400]]>
              </value>
            </param>
            <param index="13">
              <value>
                <![CDATA[Contact number(without)]]>
              </value>
            </param>
          </params>
          <reporter-output>
          </reporter-output>
        </test-method> <!-- testPostUser -->
        <test-method is-config="true" signature="setup()[pri:0, instance:userAPI.test.UserAPI@69c43e48]" started-at="2025-02-11T03:01:41 CST" name="setup" finished-at="2025-02-11T03:01:41 CST" duration-ms="0" status="PASS">
          <reporter-output>
          </reporter-output>
        </test-method> <!-- setup -->
        <test-method is-config="true" signature="setup()[pri:0, instance:userAPI.test.UserAPI@69c43e48]" started-at="2025-02-11T03:01:42 CST" name="setup" finished-at="2025-02-11T03:01:42 CST" duration-ms="1" status="PASS">
          <reporter-output>
          </reporter-output>
        </test-method> <!-- setup -->
        <test-method signature="testPostUser(java.lang.String,java.lang.String,java.lang.String,java.lang.String,java.lang.String,java.lang.String,java.lang.String,java.lang.String,java.lang.String,java.lang.String,java.lang.String,java.lang.String,java.lang.String,java.lang.String)[pri:1, instance:userAPI.test.UserAPI@69c43e48]" started-at="2025-02-11T03:01:42 CST" name="testPostUser" data-provider="PostUser" finished-at="2025-02-11T03:01:42 CST" duration-ms="363" status="PASS">
          <params>
            <param index="0">
              <value>
                <![CDATA[application/json]]>
              </value>
            </param>
            <param index="1">
              <value>
                <![CDATA[]]>
              </value>
            </param>
            <param index="2">
              <value>
                <![CDATA[]]>
              </value>
            </param>
            <param index="3">
              <value>
                <![CDATA[JOHN]]>
              </value>
            </param>
            <param index="4">
              <value>
                <![CDATA[Danny]]>
              </value>
            </param>
            <param index="5">
              <value>
                <![CDATA[null]]>
              </value>
            </param>
            <param index="6">
              <value>
                <![CDATA[myteam07trial07@gmail.com]]>
              </value>
            </param>
            <param index="7">
              <value>
                <![CDATA[19-a]]>
              </value>
            </param>
            <param index="8">
              <value>
                <![CDATA[Lincoln Dr]]>
              </value>
            </param>
            <param index="9">
              <value>
                <![CDATA[Wisconsin]]>
              </value>
            </param>
            <param index="10">
              <value>
                <![CDATA[USA]]>
              </value>
            </param>
            <param index="11">
              <value>
                <![CDATA[53151]]>
              </value>
            </param>
            <param index="12">
              <value>
                <![CDATA[400]]>
              </value>
            </param>
            <param index="13">
              <value>
                <![CDATA[Contact number(NULL)]]>
              </value>
            </param>
          </params>
          <reporter-output>
          </reporter-output>
        </test-method> <!-- testPostUser -->
        <test-method is-config="true" signature="setup()[pri:0, instance:userAPI.test.UserAPI@69c43e48]" started-at="2025-02-11T03:01:42 CST" name="setup" finished-at="2025-02-11T03:01:42 CST" duration-ms="1" status="PASS">
          <reporter-output>
          </reporter-output>
        </test-method> <!-- setup -->
        <test-method signature="testPostUser(java.lang.String,java.lang.String,java.lang.String,java.lang.String,java.lang.String,java.lang.String,java.lang.String,java.lang.String,java.lang.String,java.lang.String,java.lang.String,java.lang.String,java.lang.String,java.lang.String)[pri:1, instance:userAPI.test.UserAPI@69c43e48]" started-at="2025-02-11T03:01:42 CST" name="testPostUser" data-provider="PostUser" finished-at="2025-02-11T03:01:42 CST" duration-ms="377" status="PASS">
          <params>
            <param index="0">
              <value>
                <![CDATA[application/json]]>
              </value>
            </param>
            <param index="1">
              <value>
                <![CDATA[]]>
              </value>
            </param>
            <param index="2">
              <value>
                <![CDATA[]]>
              </value>
            </param>
            <param index="3">
              <value>
                <![CDATA[JOHN]]>
              </value>
            </param>
            <param index="4">
              <value>
                <![CDATA[Danny]]>
              </value>
            </param>
            <param index="5">
              <value>
                <![CDATA[86269087]]>
              </value>
            </param>
            <param index="6">
              <value>
                <![CDATA[myteam07trial07@gmail.com]]>
              </value>
            </param>
            <param index="7">
              <value>
                <![CDATA[19-a]]>
              </value>
            </param>
            <param index="8">
              <value>
                <![CDATA[Lincoln Dr]]>
              </value>
            </param>
            <param index="9">
              <value>
                <![CDATA[Wisconsin]]>
              </value>
            </param>
            <param index="10">
              <value>
                <![CDATA[USA]]>
              </value>
            </param>
            <param index="11">
              <value>
                <![CDATA[53151]]>
              </value>
            </param>
            <param index="12">
              <value>
                <![CDATA[400]]>
              </value>
            </param>
            <param index="13">
              <value>
                <![CDATA[Contact number(less than 10 digits)]]>
              </value>
            </param>
          </params>
          <reporter-output>
          </reporter-output>
        </test-method> <!-- testPostUser -->
        <test-method is-config="true" signature="setup()[pri:0, instance:userAPI.test.UserAPI@69c43e48]" started-at="2025-02-11T03:01:42 CST" name="setup" finished-at="2025-02-11T03:01:42 CST" duration-ms="0" status="PASS">
          <reporter-output>
          </reporter-output>
        </test-method> <!-- setup -->
        <test-method signature="testPostUser(java.lang.String,java.lang.String,java.lang.String,java.lang.String,java.lang.String,java.lang.String,java.lang.String,java.lang.String,java.lang.String,java.lang.String,java.lang.String,java.lang.String,java.lang.String,java.lang.String)[pri:1, instance:userAPI.test.UserAPI@69c43e48]" started-at="2025-02-11T03:01:42 CST" name="testPostUser" data-provider="PostUser" finished-at="2025-02-11T03:01:43 CST" duration-ms="382" status="PASS">
          <params>
            <param index="0">
              <value>
                <![CDATA[application/json]]>
              </value>
            </param>
            <param index="1">
              <value>
                <![CDATA[]]>
              </value>
            </param>
            <param index="2">
              <value>
                <![CDATA[]]>
              </value>
            </param>
            <param index="3">
              <value>
                <![CDATA[JOHN]]>
              </value>
            </param>
            <param index="4">
              <value>
                <![CDATA[Danny]]>
              </value>
            </param>
            <param index="5">
              <value>
                <![CDATA[86257694087]]>
              </value>
            </param>
            <param index="6">
              <value>
                <![CDATA[myteam07trial07@gmail.com]]>
              </value>
            </param>
            <param index="7">
              <value>
                <![CDATA[19-a]]>
              </value>
            </param>
            <param index="8">
              <value>
                <![CDATA[Lincoln Dr]]>
              </value>
            </param>
            <param index="9">
              <value>
                <![CDATA[Wisconsin]]>
              </value>
            </param>
            <param index="10">
              <value>
                <![CDATA[USA]]>
              </value>
            </param>
            <param index="11">
              <value>
                <![CDATA[53151]]>
              </value>
            </param>
            <param index="12">
              <value>
                <![CDATA[400]]>
              </value>
            </param>
            <param index="13">
              <value>
                <![CDATA[Contact number(more than 10 digits)]]>
              </value>
            </param>
          </params>
          <reporter-output>
          </reporter-output>
        </test-method> <!-- testPostUser -->
        <test-method is-config="true" signature="setup()[pri:0, instance:userAPI.test.UserAPI@69c43e48]" started-at="2025-02-11T03:01:43 CST" name="setup" finished-at="2025-02-11T03:01:43 CST" duration-ms="1" status="PASS">
          <reporter-output>
          </reporter-output>
        </test-method> <!-- setup -->
        <test-method signature="testPostUser(java.lang.String,java.lang.String,java.lang.String,java.lang.String,java.lang.String,java.lang.String,java.lang.String,java.lang.String,java.lang.String,java.lang.String,java.lang.String,java.lang.String,java.lang.String,java.lang.String)[pri:1, instance:userAPI.test.UserAPI@69c43e48]" started-at="2025-02-11T03:01:43 CST" name="testPostUser" data-provider="PostUser" finished-at="2025-02-11T03:01:43 CST" duration-ms="378" status="PASS">
          <params>
            <param index="0">
              <value>
                <![CDATA[application/json]]>
              </value>
            </param>
            <param index="1">
              <value>
                <![CDATA[]]>
              </value>
            </param>
            <param index="2">
              <value>
                <![CDATA[]]>
              </value>
            </param>
            <param index="3">
              <value>
                <![CDATA[JOHN]]>
              </value>
            </param>
            <param index="4">
              <value>
                <![CDATA[Danny]]>
              </value>
            </param>
            <param index="5">
              <value>
                <![CDATA[Testing]]>
              </value>
            </param>
            <param index="6">
              <value>
                <![CDATA[myteam07trial07@gmail.com]]>
              </value>
            </param>
            <param index="7">
              <value>
                <![CDATA[19-a]]>
              </value>
            </param>
            <param index="8">
              <value>
                <![CDATA[Lincoln Dr]]>
              </value>
            </param>
            <param index="9">
              <value>
                <![CDATA[Wisconsin]]>
              </value>
            </param>
            <param index="10">
              <value>
                <![CDATA[USA]]>
              </value>
            </param>
            <param index="11">
              <value>
                <![CDATA[53151]]>
              </value>
            </param>
            <param index="12">
              <value>
                <![CDATA[400]]>
              </value>
            </param>
            <param index="13">
              <value>
                <![CDATA[Contact number (String)]]>
              </value>
            </param>
          </params>
          <reporter-output>
          </reporter-output>
        </test-method> <!-- testPostUser -->
        <test-method is-config="true" signature="setup()[pri:0, instance:userAPI.test.UserAPI@69c43e48]" started-at="2025-02-11T03:01:43 CST" name="setup" finished-at="2025-02-11T03:01:43 CST" duration-ms="1" status="PASS">
          <reporter-output>
          </reporter-output>
        </test-method> <!-- setup -->
        <test-method signature="testPostUser(java.lang.String,java.lang.String,java.lang.String,java.lang.String,java.lang.String,java.lang.String,java.lang.String,java.lang.String,java.lang.String,java.lang.String,java.lang.String,java.lang.String,java.lang.String,java.lang.String)[pri:1, instance:userAPI.test.UserAPI@69c43e48]" started-at="2025-02-11T03:01:43 CST" name="testPostUser" data-provider="PostUser" finished-at="2025-02-11T03:01:44 CST" duration-ms="368" status="PASS">
          <params>
            <param index="0">
              <value>
                <![CDATA[application/json]]>
              </value>
            </param>
            <param index="1">
              <value>
                <![CDATA[]]>
              </value>
            </param>
            <param index="2">
              <value>
                <![CDATA[]]>
              </value>
            </param>
            <param index="3">
              <value>
                <![CDATA[JOHN]]>
              </value>
            </param>
            <param index="4">
              <value>
                <![CDATA[Danny]]>
              </value>
            </param>
            <param index="5">
              <value>
                <![CDATA[8625769087]]>
              </value>
            </param>
            <param index="6">
              <value>
                <![CDATA[myteam07trial07@gmail.com]]>
              </value>
            </param>
            <param index="7">
              <value>
                <![CDATA[Pl-23]]>
              </value>
            </param>
            <param index="8">
              <value>
                <![CDATA[Lincoln Dr]]>
              </value>
            </param>
            <param index="9">
              <value>
                <![CDATA[Wisconsin]]>
              </value>
            </param>
            <param index="10">
              <value>
                <![CDATA[USA]]>
              </value>
            </param>
            <param index="11">
              <value>
                <![CDATA[53151]]>
              </value>
            </param>
            <param index="12">
              <value>
                <![CDATA[409]]>
              </value>
            </param>
            <param index="13">
              <value>
                <![CDATA[Existing Contact number]]>
              </value>
            </param>
          </params>
          <reporter-output>
          </reporter-output>
        </test-method> <!-- testPostUser -->
        <test-method is-config="true" signature="setup()[pri:0, instance:userAPI.test.UserAPI@69c43e48]" started-at="2025-02-11T03:01:44 CST" name="setup" finished-at="2025-02-11T03:01:44 CST" duration-ms="1" status="PASS">
          <reporter-output>
          </reporter-output>
        </test-method> <!-- setup -->
        <test-method signature="testPostUser(java.lang.String,java.lang.String,java.lang.String,java.lang.String,java.lang.String,java.lang.String,java.lang.String,java.lang.String,java.lang.String,java.lang.String,java.lang.String,java.lang.String,java.lang.String,java.lang.String)[pri:1, instance:userAPI.test.UserAPI@69c43e48]" started-at="2025-02-11T03:01:44 CST" name="testPostUser" data-provider="PostUser" finished-at="2025-02-11T03:01:44 CST" duration-ms="384" status="PASS">
          <params>
            <param index="0">
              <value>
                <![CDATA[application/json]]>
              </value>
            </param>
            <param index="1">
              <value>
                <![CDATA[]]>
              </value>
            </param>
            <param index="2">
              <value>
                <![CDATA[]]>
              </value>
            </param>
            <param index="3">
              <value>
                <![CDATA[JOHN]]>
              </value>
            </param>
            <param index="4">
              <value>
                <![CDATA[Danny]]>
              </value>
            </param>
            <param index="5">
              <value>
                <![CDATA[8511139341]]>
              </value>
            </param>
            <param index="6">
              <value>
                <![CDATA[]]>
              </value>
            </param>
            <param index="7">
              <value>
                <![CDATA[19-a]]>
              </value>
            </param>
            <param index="8">
              <value>
                <![CDATA[Lincoln Dr]]>
              </value>
            </param>
            <param index="9">
              <value>
                <![CDATA[Wisconsin]]>
              </value>
            </param>
            <param index="10">
              <value>
                <![CDATA[USA]]>
              </value>
            </param>
            <param index="11">
              <value>
                <![CDATA[53151]]>
              </value>
            </param>
            <param index="12">
              <value>
                <![CDATA[400]]>
              </value>
            </param>
            <param index="13">
              <value>
                <![CDATA[without EMail]]>
              </value>
            </param>
          </params>
          <reporter-output>
          </reporter-output>
        </test-method> <!-- testPostUser -->
        <test-method is-config="true" signature="setup()[pri:0, instance:userAPI.test.UserAPI@69c43e48]" started-at="2025-02-11T03:01:44 CST" name="setup" finished-at="2025-02-11T03:01:44 CST" duration-ms="1" status="PASS">
          <reporter-output>
          </reporter-output>
        </test-method> <!-- setup -->
        <test-method signature="testPostUser(java.lang.String,java.lang.String,java.lang.String,java.lang.String,java.lang.String,java.lang.String,java.lang.String,java.lang.String,java.lang.String,java.lang.String,java.lang.String,java.lang.String,java.lang.String,java.lang.String)[pri:1, instance:userAPI.test.UserAPI@69c43e48]" started-at="2025-02-11T03:01:44 CST" name="testPostUser" data-provider="PostUser" finished-at="2025-02-11T03:01:44 CST" duration-ms="357" status="PASS">
          <params>
            <param index="0">
              <value>
                <![CDATA[application/json]]>
              </value>
            </param>
            <param index="1">
              <value>
                <![CDATA[]]>
              </value>
            </param>
            <param index="2">
              <value>
                <![CDATA[]]>
              </value>
            </param>
            <param index="3">
              <value>
                <![CDATA[JOHN]]>
              </value>
            </param>
            <param index="4">
              <value>
                <![CDATA[Danny]]>
              </value>
            </param>
            <param index="5">
              <value>
                <![CDATA[8511139341]]>
              </value>
            </param>
            <param index="6">
              <value>
                <![CDATA[Dennygmail.com]]>
              </value>
            </param>
            <param index="7">
              <value>
                <![CDATA[19-a]]>
              </value>
            </param>
            <param index="8">
              <value>
                <![CDATA[Lincoln Dr]]>
              </value>
            </param>
            <param index="9">
              <value>
                <![CDATA[Wisconsin]]>
              </value>
            </param>
            <param index="10">
              <value>
                <![CDATA[USA]]>
              </value>
            </param>
            <param index="11">
              <value>
                <![CDATA[53151]]>
              </value>
            </param>
            <param index="12">
              <value>
                <![CDATA[400]]>
              </value>
            </param>
            <param index="13">
              <value>
                <![CDATA[Invalid Email]]>
              </value>
            </param>
          </params>
          <reporter-output>
          </reporter-output>
        </test-method> <!-- testPostUser -->
        <test-method is-config="true" signature="setup()[pri:0, instance:userAPI.test.UserAPI@69c43e48]" started-at="2025-02-11T03:01:44 CST" name="setup" finished-at="2025-02-11T03:01:44 CST" duration-ms="1" status="PASS">
          <reporter-output>
          </reporter-output>
        </test-method> <!-- setup -->
        <test-method signature="testPostUser(java.lang.String,java.lang.String,java.lang.String,java.lang.String,java.lang.String,java.lang.String,java.lang.String,java.lang.String,java.lang.String,java.lang.String,java.lang.String,java.lang.String,java.lang.String,java.lang.String)[pri:1, instance:userAPI.test.UserAPI@69c43e48]" started-at="2025-02-11T03:01:44 CST" name="testPostUser" data-provider="PostUser" finished-at="2025-02-11T03:01:45 CST" duration-ms="380" status="PASS">
          <params>
            <param index="0">
              <value>
                <![CDATA[application/json]]>
              </value>
            </param>
            <param index="1">
              <value>
                <![CDATA[]]>
              </value>
            </param>
            <param index="2">
              <value>
                <![CDATA[]]>
              </value>
            </param>
            <param index="3">
              <value>
                <![CDATA[JOHN]]>
              </value>
            </param>
            <param index="4">
              <value>
                <![CDATA[Danny]]>
              </value>
            </param>
            <param index="5">
              <value>
                <![CDATA[8511139341]]>
              </value>
            </param>
            <param index="6">
              <value>
                <![CDATA[Numpy@gmail.com]]>
              </value>
            </param>
            <param index="7">
              <value>
                <![CDATA[19-a]]>
              </value>
            </param>
            <param index="8">
              <value>
                <![CDATA[Lincoln Dr]]>
              </value>
            </param>
            <param index="9">
              <value>
                <![CDATA[Wisconsin]]>
              </value>
            </param>
            <param index="10">
              <value>
                <![CDATA[USA]]>
              </value>
            </param>
            <param index="11">
              <value>
                <![CDATA[53151]]>
              </value>
            </param>
            <param index="12">
              <value>
                <![CDATA[409]]>
              </value>
            </param>
            <param index="13">
              <value>
                <![CDATA[Existing Email ID]]>
              </value>
            </param>
          </params>
          <reporter-output>
          </reporter-output>
        </test-method> <!-- testPostUser -->
        <test-method signature="testPostUser(java.lang.String,java.lang.String,java.lang.String,java.lang.String,java.lang.String,java.lang.String,java.lang.String,java.lang.String,java.lang.String,java.lang.String,java.lang.String,java.lang.String,java.lang.String,java.lang.String)[pri:1, instance:userAPI.test.UserAPI@69c43e48]" started-at="2025-02-11T03:01:45 CST" name="testPostUser" data-provider="PostUser" finished-at="2025-02-11T03:01:45 CST" duration-ms="366" status="PASS">
          <params>
            <param index="0">
              <value>
                <![CDATA[application/json]]>
              </value>
            </param>
            <param index="1">
              <value>
                <![CDATA[]]>
              </value>
            </param>
            <param index="2">
              <value>
                <![CDATA[]]>
              </value>
            </param>
            <param index="3">
              <value>
                <![CDATA[JOHN]]>
              </value>
            </param>
            <param index="4">
              <value>
                <![CDATA[Danny]]>
              </value>
            </param>
            <param index="5">
              <value>
                <![CDATA[8511139341]]>
              </value>
            </param>
            <param index="6">
              <value>
                <![CDATA[myteam07trial17@gmail.com]]>
              </value>
            </param>
            <param index="7">
              <value>
                <![CDATA[]]>
              </value>
            </param>
            <param index="8">
              <value>
                <![CDATA[Lincoln Dr]]>
              </value>
            </param>
            <param index="9">
              <value>
                <![CDATA[Wisconsin]]>
              </value>
            </param>
            <param index="10">
              <value>
                <![CDATA[USA]]>
              </value>
            </param>
            <param index="11">
              <value>
                <![CDATA[53151]]>
              </value>
            </param>
            <param index="12">
              <value>
                <![CDATA[400]]>
              </value>
            </param>
            <param index="13">
              <value>
                <![CDATA[Empty Plot number]]>
              </value>
            </param>
          </params>
          <reporter-output>
          </reporter-output>
        </test-method> <!-- testPostUser -->
        <test-method is-config="true" signature="setup()[pri:0, instance:userAPI.test.UserAPI@69c43e48]" started-at="2025-02-11T03:01:45 CST" name="setup" finished-at="2025-02-11T03:01:45 CST" duration-ms="0" status="PASS">
          <reporter-output>
          </reporter-output>
        </test-method> <!-- setup -->
        <test-method is-config="true" signature="setup()[pri:0, instance:userAPI.test.UserAPI@69c43e48]" started-at="2025-02-11T03:01:45 CST" name="setup" finished-at="2025-02-11T03:01:45 CST" duration-ms="1" status="PASS">
          <reporter-output>
          </reporter-output>
        </test-method> <!-- setup -->
        <test-method signature="testPostUser(java.lang.String,java.lang.String,java.lang.String,java.lang.String,java.lang.String,java.lang.String,java.lang.String,java.lang.String,java.lang.String,java.lang.String,java.lang.String,java.lang.String,java.lang.String,java.lang.String)[pri:1, instance:userAPI.test.UserAPI@69c43e48]" started-at="2025-02-11T03:01:45 CST" name="testPostUser" data-provider="PostUser" finished-at="2025-02-11T03:01:46 CST" duration-ms="387" status="PASS">
          <params>
            <param index="0">
              <value>
                <![CDATA[application/json]]>
              </value>
            </param>
            <param index="1">
              <value>
                <![CDATA[]]>
              </value>
            </param>
            <param index="2">
              <value>
                <![CDATA[]]>
              </value>
            </param>
            <param index="3">
              <value>
                <![CDATA[JOHN]]>
              </value>
            </param>
            <param index="4">
              <value>
                <![CDATA[Danny]]>
              </value>
            </param>
            <param index="5">
              <value>
                <![CDATA[9511139341]]>
              </value>
            </param>
            <param index="6">
              <value>
                <![CDATA[myteam07trial18@gmail.com]]>
              </value>
            </param>
            <param index="7">
              <value>
                <![CDATA[109894]]>
              </value>
            </param>
            <param index="8">
              <value>
                <![CDATA[Lincoln Dr]]>
              </value>
            </param>
            <param index="9">
              <value>
                <![CDATA[Wisconsin]]>
              </value>
            </param>
            <param index="10">
              <value>
                <![CDATA[USA]]>
              </value>
            </param>
            <param index="11">
              <value>
                <![CDATA[53151]]>
              </value>
            </param>
            <param index="12">
              <value>
                <![CDATA[400]]>
              </value>
            </param>
            <param index="13">
              <value>
                <![CDATA[Invalid Plot Number(onlynumbers)]]>
              </value>
            </param>
          </params>
          <reporter-output>
          </reporter-output>
        </test-method> <!-- testPostUser -->
        <test-method signature="testPostUser(java.lang.String,java.lang.String,java.lang.String,java.lang.String,java.lang.String,java.lang.String,java.lang.String,java.lang.String,java.lang.String,java.lang.String,java.lang.String,java.lang.String,java.lang.String,java.lang.String)[pri:1, instance:userAPI.test.UserAPI@69c43e48]" started-at="2025-02-11T03:01:46 CST" name="testPostUser" data-provider="PostUser" finished-at="2025-02-11T03:01:46 CST" duration-ms="362" status="PASS">
          <params>
            <param index="0">
              <value>
                <![CDATA[application/json]]>
              </value>
            </param>
            <param index="1">
              <value>
                <![CDATA[]]>
              </value>
            </param>
            <param index="2">
              <value>
                <![CDATA[]]>
              </value>
            </param>
            <param index="3">
              <value>
                <![CDATA[JOHN]]>
              </value>
            </param>
            <param index="4">
              <value>
                <![CDATA[Danny]]>
              </value>
            </param>
            <param index="5">
              <value>
                <![CDATA[9511139342]]>
              </value>
            </param>
            <param index="6">
              <value>
                <![CDATA[myteam07trial19@gmail.com]]>
              </value>
            </param>
            <param index="7">
              <value>
                <![CDATA[sgfd]]>
              </value>
            </param>
            <param index="8">
              <value>
                <![CDATA[Lincoln Dr]]>
              </value>
            </param>
            <param index="9">
              <value>
                <![CDATA[Wisconsin]]>
              </value>
            </param>
            <param index="10">
              <value>
                <![CDATA[USA]]>
              </value>
            </param>
            <param index="11">
              <value>
                <![CDATA[53151]]>
              </value>
            </param>
            <param index="12">
              <value>
                <![CDATA[400]]>
              </value>
            </param>
            <param index="13">
              <value>
                <![CDATA[Invalid Plot Number(onlyString)]]>
              </value>
            </param>
          </params>
          <reporter-output>
          </reporter-output>
        </test-method> <!-- testPostUser -->
        <test-method is-config="true" signature="setup()[pri:0, instance:userAPI.test.UserAPI@69c43e48]" started-at="2025-02-11T03:01:46 CST" name="setup" finished-at="2025-02-11T03:01:46 CST" duration-ms="0" status="PASS">
          <reporter-output>
          </reporter-output>
        </test-method> <!-- setup -->
        <test-method is-config="true" signature="setup()[pri:0, instance:userAPI.test.UserAPI@69c43e48]" started-at="2025-02-11T03:01:46 CST" name="setup" finished-at="2025-02-11T03:01:46 CST" duration-ms="1" status="PASS">
          <reporter-output>
          </reporter-output>
        </test-method> <!-- setup -->
        <test-method signature="testPostUser(java.lang.String,java.lang.String,java.lang.String,java.lang.String,java.lang.String,java.lang.String,java.lang.String,java.lang.String,java.lang.String,java.lang.String,java.lang.String,java.lang.String,java.lang.String,java.lang.String)[pri:1, instance:userAPI.test.UserAPI@69c43e48]" started-at="2025-02-11T03:01:46 CST" name="testPostUser" data-provider="PostUser" finished-at="2025-02-11T03:01:46 CST" duration-ms="389" status="PASS">
          <params>
            <param index="0">
              <value>
                <![CDATA[application/json]]>
              </value>
            </param>
            <param index="1">
              <value>
                <![CDATA[]]>
              </value>
            </param>
            <param index="2">
              <value>
                <![CDATA[]]>
              </value>
            </param>
            <param index="3">
              <value>
                <![CDATA[JOHN]]>
              </value>
            </param>
            <param index="4">
              <value>
                <![CDATA[Danny]]>
              </value>
            </param>
            <param index="5">
              <value>
                <![CDATA[9511139343]]>
              </value>
            </param>
            <param index="6">
              <value>
                <![CDATA[myteam07trial20@gmail.com]]>
              </value>
            </param>
            <param index="7">
              <value>
                <![CDATA[19a]]>
              </value>
            </param>
            <param index="8">
              <value>
                <![CDATA[Lincoln Dr]]>
              </value>
            </param>
            <param index="9">
              <value>
                <![CDATA[Wisconsin]]>
              </value>
            </param>
            <param index="10">
              <value>
                <![CDATA[USA]]>
              </value>
            </param>
            <param index="11">
              <value>
                <![CDATA[53151]]>
              </value>
            </param>
            <param index="12">
              <value>
                <![CDATA[400]]>
              </value>
            </param>
            <param index="13">
              <value>
                <![CDATA[Invalid Plot Number(without-)]]>
              </value>
            </param>
          </params>
          <reporter-output>
          </reporter-output>
        </test-method> <!-- testPostUser -->
        <test-method signature="testPostUser(java.lang.String,java.lang.String,java.lang.String,java.lang.String,java.lang.String,java.lang.String,java.lang.String,java.lang.String,java.lang.String,java.lang.String,java.lang.String,java.lang.String,java.lang.String,java.lang.String)[pri:1, instance:userAPI.test.UserAPI@69c43e48]" started-at="2025-02-11T03:01:46 CST" name="testPostUser" data-provider="PostUser" finished-at="2025-02-11T03:01:47 CST" duration-ms="394" status="PASS">
          <params>
            <param index="0">
              <value>
                <![CDATA[application/json]]>
              </value>
            </param>
            <param index="1">
              <value>
                <![CDATA[]]>
              </value>
            </param>
            <param index="2">
              <value>
                <![CDATA[]]>
              </value>
            </param>
            <param index="3">
              <value>
                <![CDATA[JOHN]]>
              </value>
            </param>
            <param index="4">
              <value>
                <![CDATA[Danny]]>
              </value>
            </param>
            <param index="5">
              <value>
                <![CDATA[9511139344]]>
              </value>
            </param>
            <param index="6">
              <value>
                <![CDATA[myteam07trial21@gmail.com]]>
              </value>
            </param>
            <param index="7">
              <value>
                <![CDATA[19-a]]>
              </value>
            </param>
            <param index="8">
              <value>
                <![CDATA[Lincoln Dr234]]>
              </value>
            </param>
            <param index="9">
              <value>
                <![CDATA[Wisconsin]]>
              </value>
            </param>
            <param index="10">
              <value>
                <![CDATA[USA]]>
              </value>
            </param>
            <param index="11">
              <value>
                <![CDATA[53151]]>
              </value>
            </param>
            <param index="12">
              <value>
                <![CDATA[400]]>
              </value>
            </param>
            <param index="13">
              <value>
                <![CDATA[Invalid Street (only numbers with  alpha numberic)]]>
              </value>
            </param>
          </params>
          <reporter-output>
          </reporter-output>
        </test-method> <!-- testPostUser -->
        <test-method is-config="true" signature="setup()[pri:0, instance:userAPI.test.UserAPI@69c43e48]" started-at="2025-02-11T03:01:46 CST" name="setup" finished-at="2025-02-11T03:01:46 CST" duration-ms="0" status="PASS">
          <reporter-output>
          </reporter-output>
        </test-method> <!-- setup -->
        <test-method signature="testPostUser(java.lang.String,java.lang.String,java.lang.String,java.lang.String,java.lang.String,java.lang.String,java.lang.String,java.lang.String,java.lang.String,java.lang.String,java.lang.String,java.lang.String,java.lang.String,java.lang.String)[pri:1, instance:userAPI.test.UserAPI@69c43e48]" started-at="2025-02-11T03:01:47 CST" name="testPostUser" data-provider="PostUser" finished-at="2025-02-11T03:01:47 CST" duration-ms="360" status="PASS">
          <params>
            <param index="0">
              <value>
                <![CDATA[application/json]]>
              </value>
            </param>
            <param index="1">
              <value>
                <![CDATA[]]>
              </value>
            </param>
            <param index="2">
              <value>
                <![CDATA[]]>
              </value>
            </param>
            <param index="3">
              <value>
                <![CDATA[JOHN]]>
              </value>
            </param>
            <param index="4">
              <value>
                <![CDATA[Danny]]>
              </value>
            </param>
            <param index="5">
              <value>
                <![CDATA[9511139345]]>
              </value>
            </param>
            <param index="6">
              <value>
                <![CDATA[myteam07trial22@gmail.com]]>
              </value>
            </param>
            <param index="7">
              <value>
                <![CDATA[19-a]]>
              </value>
            </param>
            <param index="8">
              <value>
                <![CDATA[Lincon$$ Drive]]>
              </value>
            </param>
            <param index="9">
              <value>
                <![CDATA[Wisconsin]]>
              </value>
            </param>
            <param index="10">
              <value>
                <![CDATA[USA]]>
              </value>
            </param>
            <param index="11">
              <value>
                <![CDATA[53151]]>
              </value>
            </param>
            <param index="12">
              <value>
                <![CDATA[400]]>
              </value>
            </param>
            <param index="13">
              <value>
                <![CDATA[Invalid Street(only string  with spl char)]]>
              </value>
            </param>
          </params>
          <reporter-output>
          </reporter-output>
        </test-method> <!-- testPostUser -->
        <test-method is-config="true" signature="setup()[pri:0, instance:userAPI.test.UserAPI@69c43e48]" started-at="2025-02-11T03:01:47 CST" name="setup" finished-at="2025-02-11T03:01:47 CST" duration-ms="0" status="PASS">
          <reporter-output>
          </reporter-output>
        </test-method> <!-- setup -->
        <test-method is-config="true" signature="setup()[pri:0, instance:userAPI.test.UserAPI@69c43e48]" started-at="2025-02-11T03:01:47 CST" name="setup" finished-at="2025-02-11T03:01:47 CST" duration-ms="1" status="PASS">
          <reporter-output>
          </reporter-output>
        </test-method> <!-- setup -->
        <test-method signature="testPostUser(java.lang.String,java.lang.String,java.lang.String,java.lang.String,java.lang.String,java.lang.String,java.lang.String,java.lang.String,java.lang.String,java.lang.String,java.lang.String,java.lang.String,java.lang.String,java.lang.String)[pri:1, instance:userAPI.test.UserAPI@69c43e48]" started-at="2025-02-11T03:01:47 CST" name="testPostUser" data-provider="PostUser" finished-at="2025-02-11T03:01:47 CST" duration-ms="386" status="PASS">
          <params>
            <param index="0">
              <value>
                <![CDATA[application/json]]>
              </value>
            </param>
            <param index="1">
              <value>
                <![CDATA[]]>
              </value>
            </param>
            <param index="2">
              <value>
                <![CDATA[]]>
              </value>
            </param>
            <param index="3">
              <value>
                <![CDATA[JOHN]]>
              </value>
            </param>
            <param index="4">
              <value>
                <![CDATA[Danny]]>
              </value>
            </param>
            <param index="5">
              <value>
                <![CDATA[9511139346]]>
              </value>
            </param>
            <param index="6">
              <value>
                <![CDATA[myteam07trial23@gmail.com]]>
              </value>
            </param>
            <param index="7">
              <value>
                <![CDATA[19-a]]>
              </value>
            </param>
            <param index="8">
              <value>
                <![CDATA[]]>
              </value>
            </param>
            <param index="9">
              <value>
                <![CDATA[Wisconsin]]>
              </value>
            </param>
            <param index="10">
              <value>
                <![CDATA[USA]]>
              </value>
            </param>
            <param index="11">
              <value>
                <![CDATA[53151]]>
              </value>
            </param>
            <param index="12">
              <value>
                <![CDATA[400]]>
              </value>
            </param>
            <param index="13">
              <value>
                <![CDATA[Invalid Street (Empty Field)]]>
              </value>
            </param>
          </params>
          <reporter-output>
          </reporter-output>
        </test-method> <!-- testPostUser -->
        <test-method is-config="true" signature="setup()[pri:0, instance:userAPI.test.UserAPI@69c43e48]" started-at="2025-02-11T03:01:47 CST" name="setup" finished-at="2025-02-11T03:01:47 CST" duration-ms="1" status="PASS">
          <reporter-output>
          </reporter-output>
        </test-method> <!-- setup -->
        <test-method signature="testPostUser(java.lang.String,java.lang.String,java.lang.String,java.lang.String,java.lang.String,java.lang.String,java.lang.String,java.lang.String,java.lang.String,java.lang.String,java.lang.String,java.lang.String,java.lang.String,java.lang.String)[pri:1, instance:userAPI.test.UserAPI@69c43e48]" started-at="2025-02-11T03:01:47 CST" name="testPostUser" data-provider="PostUser" finished-at="2025-02-11T03:01:48 CST" duration-ms="360" status="PASS">
          <params>
            <param index="0">
              <value>
                <![CDATA[application/json]]>
              </value>
            </param>
            <param index="1">
              <value>
                <![CDATA[]]>
              </value>
            </param>
            <param index="2">
              <value>
                <![CDATA[]]>
              </value>
            </param>
            <param index="3">
              <value>
                <![CDATA[JOHN]]>
              </value>
            </param>
            <param index="4">
              <value>
                <![CDATA[Danny]]>
              </value>
            </param>
            <param index="5">
              <value>
                <![CDATA[9511139347]]>
              </value>
            </param>
            <param index="6">
              <value>
                <![CDATA[myteam07trial24@gmail.com]]>
              </value>
            </param>
            <param index="7">
              <value>
                <![CDATA[19-a]]>
              </value>
            </param>
            <param index="8">
              <value>
                <![CDATA[Lincoln Dr]]>
              </value>
            </param>
            <param index="9">
              <value>
                <![CDATA[WIS123]]>
              </value>
            </param>
            <param index="10">
              <value>
                <![CDATA[USA]]>
              </value>
            </param>
            <param index="11">
              <value>
                <![CDATA[53151]]>
              </value>
            </param>
            <param index="12">
              <value>
                <![CDATA[400]]>
              </value>
            </param>
            <param index="13">
              <value>
                <![CDATA[Invalid State( alpha numberic)]]>
              </value>
            </param>
          </params>
          <reporter-output>
          </reporter-output>
        </test-method> <!-- testPostUser -->
        <test-method signature="testPostUser(java.lang.String,java.lang.String,java.lang.String,java.lang.String,java.lang.String,java.lang.String,java.lang.String,java.lang.String,java.lang.String,java.lang.String,java.lang.String,java.lang.String,java.lang.String,java.lang.String)[pri:1, instance:userAPI.test.UserAPI@69c43e48]" started-at="2025-02-11T03:01:48 CST" name="testPostUser" data-provider="PostUser" finished-at="2025-02-11T03:01:48 CST" duration-ms="363" status="PASS">
          <params>
            <param index="0">
              <value>
                <![CDATA[application/json]]>
              </value>
            </param>
            <param index="1">
              <value>
                <![CDATA[]]>
              </value>
            </param>
            <param index="2">
              <value>
                <![CDATA[]]>
              </value>
            </param>
            <param index="3">
              <value>
                <![CDATA[JOHN]]>
              </value>
            </param>
            <param index="4">
              <value>
                <![CDATA[Danny]]>
              </value>
            </param>
            <param index="5">
              <value>
                <![CDATA[9511139348]]>
              </value>
            </param>
            <param index="6">
              <value>
                <![CDATA[myteam07trial25@gmail.com]]>
              </value>
            </param>
            <param index="7">
              <value>
                <![CDATA[19-a]]>
              </value>
            </param>
            <param index="8">
              <value>
                <![CDATA[Lincoln Dr]]>
              </value>
            </param>
            <param index="9">
              <value>
                <![CDATA[Wisco@$$]]>
              </value>
            </param>
            <param index="10">
              <value>
                <![CDATA[USA]]>
              </value>
            </param>
            <param index="11">
              <value>
                <![CDATA[53151]]>
              </value>
            </param>
            <param index="12">
              <value>
                <![CDATA[400]]>
              </value>
            </param>
            <param index="13">
              <value>
                <![CDATA[Invalid State(only string  with spl char)]]>
              </value>
            </param>
          </params>
          <reporter-output>
          </reporter-output>
        </test-method> <!-- testPostUser -->
        <test-method is-config="true" signature="setup()[pri:0, instance:userAPI.test.UserAPI@69c43e48]" started-at="2025-02-11T03:01:48 CST" name="setup" finished-at="2025-02-11T03:01:48 CST" duration-ms="0" status="PASS">
          <reporter-output>
          </reporter-output>
        </test-method> <!-- setup -->
        <test-method is-config="true" signature="setup()[pri:0, instance:userAPI.test.UserAPI@69c43e48]" started-at="2025-02-11T03:01:48 CST" name="setup" finished-at="2025-02-11T03:01:48 CST" duration-ms="1" status="PASS">
          <reporter-output>
          </reporter-output>
        </test-method> <!-- setup -->
        <test-method signature="testPostUser(java.lang.String,java.lang.String,java.lang.String,java.lang.String,java.lang.String,java.lang.String,java.lang.String,java.lang.String,java.lang.String,java.lang.String,java.lang.String,java.lang.String,java.lang.String,java.lang.String)[pri:1, instance:userAPI.test.UserAPI@69c43e48]" started-at="2025-02-11T03:01:48 CST" name="testPostUser" data-provider="PostUser" finished-at="2025-02-11T03:01:49 CST" duration-ms="374" status="PASS">
          <params>
            <param index="0">
              <value>
                <![CDATA[application/json]]>
              </value>
            </param>
            <param index="1">
              <value>
                <![CDATA[]]>
              </value>
            </param>
            <param index="2">
              <value>
                <![CDATA[]]>
              </value>
            </param>
            <param index="3">
              <value>
                <![CDATA[JOHN]]>
              </value>
            </param>
            <param index="4">
              <value>
                <![CDATA[Danny]]>
              </value>
            </param>
            <param index="5">
              <value>
                <![CDATA[9511139349]]>
              </value>
            </param>
            <param index="6">
              <value>
                <![CDATA[myteam07trial26@gmail.com]]>
              </value>
            </param>
            <param index="7">
              <value>
                <![CDATA[19-a]]>
              </value>
            </param>
            <param index="8">
              <value>
                <![CDATA[Lincoln Dr]]>
              </value>
            </param>
            <param index="9">
              <value>
                <![CDATA[]]>
              </value>
            </param>
            <param index="10">
              <value>
                <![CDATA[USA]]>
              </value>
            </param>
            <param index="11">
              <value>
                <![CDATA[53151]]>
              </value>
            </param>
            <param index="12">
              <value>
                <![CDATA[400]]>
              </value>
            </param>
            <param index="13">
              <value>
                <![CDATA[Invalid state(Empty)]]>
              </value>
            </param>
          </params>
          <reporter-output>
          </reporter-output>
        </test-method> <!-- testPostUser -->
        <test-method is-config="true" signature="setup()[pri:0, instance:userAPI.test.UserAPI@69c43e48]" started-at="2025-02-11T03:01:49 CST" name="setup" finished-at="2025-02-11T03:01:49 CST" duration-ms="1" status="PASS">
          <reporter-output>
          </reporter-output>
        </test-method> <!-- setup -->
        <test-method signature="testPostUser(java.lang.String,java.lang.String,java.lang.String,java.lang.String,java.lang.String,java.lang.String,java.lang.String,java.lang.String,java.lang.String,java.lang.String,java.lang.String,java.lang.String,java.lang.String,java.lang.String)[pri:1, instance:userAPI.test.UserAPI@69c43e48]" started-at="2025-02-11T03:01:49 CST" name="testPostUser" data-provider="PostUser" finished-at="2025-02-11T03:01:49 CST" duration-ms="352" status="PASS">
          <params>
            <param index="0">
              <value>
                <![CDATA[application/json]]>
              </value>
            </param>
            <param index="1">
              <value>
                <![CDATA[]]>
              </value>
            </param>
            <param index="2">
              <value>
                <![CDATA[]]>
              </value>
            </param>
            <param index="3">
              <value>
                <![CDATA[JOHN]]>
              </value>
            </param>
            <param index="4">
              <value>
                <![CDATA[Danny]]>
              </value>
            </param>
            <param index="5">
              <value>
                <![CDATA[9511139350]]>
              </value>
            </param>
            <param index="6">
              <value>
                <![CDATA[myteam07trial27@gmail.com]]>
              </value>
            </param>
            <param index="7">
              <value>
                <![CDATA[19-a]]>
              </value>
            </param>
            <param index="8">
              <value>
                <![CDATA[Lincoln Dr]]>
              </value>
            </param>
            <param index="9">
              <value>
                <![CDATA[Wisconsin]]>
              </value>
            </param>
            <param index="10">
              <value>
                <![CDATA[USA123]]>
              </value>
            </param>
            <param index="11">
              <value>
                <![CDATA[53151]]>
              </value>
            </param>
            <param index="12">
              <value>
                <![CDATA[400]]>
              </value>
            </param>
            <param index="13">
              <value>
                <![CDATA[Invalid country  (Num With Alpha numeric)]]>
              </value>
            </param>
          </params>
          <reporter-output>
          </reporter-output>
        </test-method> <!-- testPostUser -->
        <test-method is-config="true" signature="setup()[pri:0, instance:userAPI.test.UserAPI@69c43e48]" started-at="2025-02-11T03:01:49 CST" name="setup" finished-at="2025-02-11T03:01:49 CST" duration-ms="1" status="PASS">
          <reporter-output>
          </reporter-output>
        </test-method> <!-- setup -->
        <test-method signature="testPostUser(java.lang.String,java.lang.String,java.lang.String,java.lang.String,java.lang.String,java.lang.String,java.lang.String,java.lang.String,java.lang.String,java.lang.String,java.lang.String,java.lang.String,java.lang.String,java.lang.String)[pri:1, instance:userAPI.test.UserAPI@69c43e48]" started-at="2025-02-11T03:01:49 CST" name="testPostUser" data-provider="PostUser" finished-at="2025-02-11T03:01:49 CST" duration-ms="345" status="PASS">
          <params>
            <param index="0">
              <value>
                <![CDATA[application/json]]>
              </value>
            </param>
            <param index="1">
              <value>
                <![CDATA[]]>
              </value>
            </param>
            <param index="2">
              <value>
                <![CDATA[]]>
              </value>
            </param>
            <param index="3">
              <value>
                <![CDATA[JOHN]]>
              </value>
            </param>
            <param index="4">
              <value>
                <![CDATA[Danny]]>
              </value>
            </param>
            <param index="5">
              <value>
                <![CDATA[9511139351]]>
              </value>
            </param>
            <param index="6">
              <value>
                <![CDATA[myteam07trial28@gmail.com]]>
              </value>
            </param>
            <param index="7">
              <value>
                <![CDATA[19-a]]>
              </value>
            </param>
            <param index="8">
              <value>
                <![CDATA[Lincoln Dr]]>
              </value>
            </param>
            <param index="9">
              <value>
                <![CDATA[Wisconsin]]>
              </value>
            </param>
            <param index="10">
              <value>
                <![CDATA[UA$$]]>
              </value>
            </param>
            <param index="11">
              <value>
                <![CDATA[53151]]>
              </value>
            </param>
            <param index="12">
              <value>
                <![CDATA[400]]>
              </value>
            </param>
            <param index="13">
              <value>
                <![CDATA[Invalid country (Num with spl char)]]>
              </value>
            </param>
          </params>
          <reporter-output>
          </reporter-output>
        </test-method> <!-- testPostUser -->
        <test-method is-config="true" signature="setup()[pri:0, instance:userAPI.test.UserAPI@69c43e48]" started-at="2025-02-11T03:01:49 CST" name="setup" finished-at="2025-02-11T03:01:49 CST" duration-ms="1" status="PASS">
          <reporter-output>
          </reporter-output>
        </test-method> <!-- setup -->
        <test-method signature="testPostUser(java.lang.String,java.lang.String,java.lang.String,java.lang.String,java.lang.String,java.lang.String,java.lang.String,java.lang.String,java.lang.String,java.lang.String,java.lang.String,java.lang.String,java.lang.String,java.lang.String)[pri:1, instance:userAPI.test.UserAPI@69c43e48]" started-at="2025-02-11T03:01:49 CST" name="testPostUser" data-provider="PostUser" finished-at="2025-02-11T03:01:50 CST" duration-ms="361" status="PASS">
          <params>
            <param index="0">
              <value>
                <![CDATA[application/json]]>
              </value>
            </param>
            <param index="1">
              <value>
                <![CDATA[]]>
              </value>
            </param>
            <param index="2">
              <value>
                <![CDATA[]]>
              </value>
            </param>
            <param index="3">
              <value>
                <![CDATA[JOHN]]>
              </value>
            </param>
            <param index="4">
              <value>
                <![CDATA[Danny]]>
              </value>
            </param>
            <param index="5">
              <value>
                <![CDATA[9511139352]]>
              </value>
            </param>
            <param index="6">
              <value>
                <![CDATA[myteam07trial29@gmail.com]]>
              </value>
            </param>
            <param index="7">
              <value>
                <![CDATA[19-a]]>
              </value>
            </param>
            <param index="8">
              <value>
                <![CDATA[Lincoln Dr]]>
              </value>
            </param>
            <param index="9">
              <value>
                <![CDATA[Wisconsin]]>
              </value>
            </param>
            <param index="10">
              <value>
                <![CDATA[]]>
              </value>
            </param>
            <param index="11">
              <value>
                <![CDATA[53151]]>
              </value>
            </param>
            <param index="12">
              <value>
                <![CDATA[400]]>
              </value>
            </param>
            <param index="13">
              <value>
                <![CDATA[Invalid country (Empty)]]>
              </value>
            </param>
          </params>
          <reporter-output>
          </reporter-output>
        </test-method> <!-- testPostUser -->
        <test-method is-config="true" signature="setup()[pri:0, instance:userAPI.test.UserAPI@69c43e48]" started-at="2025-02-11T03:01:50 CST" name="setup" finished-at="2025-02-11T03:01:50 CST" duration-ms="3" status="PASS">
          <reporter-output>
          </reporter-output>
        </test-method> <!-- setup -->
        <test-method signature="testPostUser(java.lang.String,java.lang.String,java.lang.String,java.lang.String,java.lang.String,java.lang.String,java.lang.String,java.lang.String,java.lang.String,java.lang.String,java.lang.String,java.lang.String,java.lang.String,java.lang.String)[pri:1, instance:userAPI.test.UserAPI@69c43e48]" started-at="2025-02-11T03:01:50 CST" name="testPostUser" data-provider="PostUser" finished-at="2025-02-11T03:01:50 CST" duration-ms="373" status="PASS">
          <params>
            <param index="0">
              <value>
                <![CDATA[application/json]]>
              </value>
            </param>
            <param index="1">
              <value>
                <![CDATA[]]>
              </value>
            </param>
            <param index="2">
              <value>
                <![CDATA[]]>
              </value>
            </param>
            <param index="3">
              <value>
                <![CDATA[JOHN]]>
              </value>
            </param>
            <param index="4">
              <value>
                <![CDATA[Danny]]>
              </value>
            </param>
            <param index="5">
              <value>
                <![CDATA[9511139353]]>
              </value>
            </param>
            <param index="6">
              <value>
                <![CDATA[myteam07trial30@gmail.com]]>
              </value>
            </param>
            <param index="7">
              <value>
                <![CDATA[19-a]]>
              </value>
            </param>
            <param index="8">
              <value>
                <![CDATA[Lincoln Dr]]>
              </value>
            </param>
            <param index="9">
              <value>
                <![CDATA[Wisconsin]]>
              </value>
            </param>
            <param index="10">
              <value>
                <![CDATA[USA]]>
              </value>
            </param>
            <param index="11">
              <value>
                <![CDATA[ZIP]]>
              </value>
            </param>
            <param index="12">
              <value>
                <![CDATA[400]]>
              </value>
            </param>
            <param index="13">
              <value>
                <![CDATA[Invalid Zipcode(only String)]]>
              </value>
            </param>
          </params>
          <reporter-output>
          </reporter-output>
        </test-method> <!-- testPostUser -->
        <test-method is-config="true" signature="setup()[pri:0, instance:userAPI.test.UserAPI@69c43e48]" started-at="2025-02-11T03:01:50 CST" name="setup" finished-at="2025-02-11T03:01:50 CST" duration-ms="1" status="PASS">
          <reporter-output>
          </reporter-output>
        </test-method> <!-- setup -->
[...]
          <params>
            <param index="0">
              <value>
                <![CDATA[deleteuser]]>
              </value>
            </param>
            <param index="1">
              <value>
                <![CDATA[545677]]>
              </value>
            </param>
            <param index="2">
              <value>
                <![CDATA[]]>
              </value>
            </param>
            <param index="3">
              <value>
                <![CDATA[]]>
              </value>
            </param>
            <param index="4">
              <value>
                <![CDATA[404]]>
              </value>
            </param>
            <param index="5">
              <value>
                <![CDATA[InValid UserId]]>
              </value>
            </param>
          </params>
          <reporter-output>
          </reporter-output>
        </test-method> <!-- DeleteUserByID -->
        <test-method is-config="true" signature="setup()[pri:0, instance:userAPI.test.UserAPI@69c43e48]" started-at="2025-02-11T03:02:26 CST" name="setup" finished-at="2025-02-11T03:02:26 CST" duration-ms="0" status="PASS">
          <reporter-output>
          </reporter-output>
        </test-method> <!-- setup -->
        <test-method is-config="true" signature="setup()[pri:0, instance:userAPI.test.UserAPI@69c43e48]" started-at="2025-02-11T03:02:26 CST" name="setup" finished-at="2025-02-11T03:02:26 CST" duration-ms="1" status="PASS">
          <reporter-output>
          </reporter-output>
        </test-method> <!-- setup -->
        <test-method signature="DeleteUserByID(java.lang.String,java.lang.String,java.lang.String,java.lang.String,java.lang.String,java.lang.String)[pri:6, instance:userAPI.test.UserAPI@69c43e48]" started-at="2025-02-11T03:02:26 CST" name="DeleteUserByID" data-provider="DeleteUserById" finished-at="2025-02-11T03:02:26 CST" duration-ms="401" status="PASS">
          <params>
            <param index="0">
              <value>
                <![CDATA[deluser]]>
              </value>
            </param>
            <param index="1">
              <value>
                <![CDATA[11026]]>
              </value>
            </param>
            <param index="2">
              <value>
                <![CDATA[]]>
              </value>
            </param>
            <param index="3">
              <value>
                <![CDATA[]]>
              </value>
            </param>
            <param index="4">
              <value>
                <![CDATA[404]]>
              </value>
            </param>
            <param index="5">
              <value>
                <![CDATA[Invalid Endpoint]]>
              </value>
            </param>
          </params>
          <reporter-output>
          </reporter-output>
        </test-method> <!-- DeleteUserByID -->
        <test-method signature="DeleteUserByID(java.lang.String,java.lang.String,java.lang.String,java.lang.String,java.lang.String,java.lang.String)[pri:6, instance:userAPI.test.UserAPI@69c43e48]" started-at="2025-02-11T03:02:26 CST" name="DeleteUserByID" data-provider="DeleteUserById" finished-at="2025-02-11T03:02:27 CST" duration-ms="356" status="PASS">
          <params>
            <param index="0">
              <value>
                <![CDATA[]]>
              </value>
            </param>
            <param index="1">
              <value>
                <![CDATA[11026]]>
              </value>
            </param>
            <param index="2">
              <value>
                <![CDATA[]]>
              </value>
            </param>
            <param index="3">
              <value>
                <![CDATA[]]>
              </value>
            </param>
            <param index="4">
              <value>
                <![CDATA[404]]>
              </value>
            </param>
            <param index="5">
              <value>
                <![CDATA[Without Endpoint]]>
              </value>
            </param>
          </params>
          <reporter-output>
          </reporter-output>
        </test-method> <!-- DeleteUserByID -->
        <test-method is-config="true" signature="setup()[pri:0, instance:userAPI.test.UserAPI@69c43e48]" started-at="2025-02-11T03:02:26 CST" name="setup" finished-at="2025-02-11T03:02:26 CST" duration-ms="0" status="PASS">
          <reporter-output>
          </reporter-output>
        </test-method> <!-- setup -->
        <test-method is-config="true" signature="setup()[pri:0, instance:userAPI.test.UserAPI@69c43e48]" started-at="2025-02-11T03:02:27 CST" name="setup" finished-at="2025-02-11T03:02:27 CST" duration-ms="5" status="PASS">
          <reporter-output>
          </reporter-output>
        </test-method> <!-- setup -->
        <test-method signature="DeleteUserByID(java.lang.String,java.lang.String,java.lang.String,java.lang.String,java.lang.String,java.lang.String)[pri:6, instance:userAPI.test.UserAPI@69c43e48]" started-at="2025-02-11T03:02:27 CST" name="DeleteUserByID" data-provider="DeleteUserById" finished-at="2025-02-11T03:02:27 CST" duration-ms="342" status="PASS">
          <params>
            <param index="0">
              <value>
                <![CDATA[deleteuser]]>
              </value>
            </param>
            <param index="1">
              <value>
                <![CDATA[dsgf3465]]>
              </value>
            </param>
            <param index="2">
              <value>
                <![CDATA[]]>
              </value>
            </param>
            <param index="3">
              <value>
                <![CDATA[]]>
              </value>
            </param>
            <param index="4">
              <value>
                <![CDATA[400]]>
              </value>
            </param>
            <param index="5">
              <value>
                <![CDATA[Alphanumeric UserId]]>
              </value>
            </param>
          </params>
          <reporter-output>
          </reporter-output>
        </test-method> <!-- DeleteUserByID -->
        <test-method is-config="true" signature="setup()[pri:0, instance:userAPI.test.UserAPI@69c43e48]" started-at="2025-02-11T03:02:27 CST" name="setup" finished-at="2025-02-11T03:02:27 CST" duration-ms="1" status="PASS">
          <reporter-output>
          </reporter-output>
        </test-method> <!-- setup -->
        <test-method signature="DeleteUserByID(java.lang.String,java.lang.String,java.lang.String,java.lang.String,java.lang.String,java.lang.String)[pri:6, instance:userAPI.test.UserAPI@69c43e48]" started-at="2025-02-11T03:02:27 CST" name="DeleteUserByID" data-provider="DeleteUserById" finished-at="2025-02-11T03:02:27 CST" duration-ms="347" status="PASS">
          <params>
            <param index="0">
              <value>
                <![CDATA[user]]>
              </value>
            </param>
            <param index="1">
              <value>
                <![CDATA[11026]]>
              </value>
            </param>
            <param index="2">
              <value>
                <![CDATA[]]>
              </value>
            </param>
            <param index="3">
              <value>
                <![CDATA[]]>
              </value>
            </param>
            <param index="4">
              <value>
                <![CDATA[405]]>
              </value>
            </param>
            <param index="5">
              <value>
                <![CDATA[Invalid Method for GET BY ID Endpoint]]>
              </value>
            </param>
          </params>
          <reporter-output>
          </reporter-output>
        </test-method> <!-- DeleteUserByID -->
        <test-method is-config="true" signature="setup()[pri:0, instance:userAPI.test.UserAPI@69c43e48]" started-at="2025-02-11T03:02:27 CST" name="setup" finished-at="2025-02-11T03:02:27 CST" duration-ms="2" status="PASS">
          <reporter-output>
          </reporter-output>
        </test-method> <!-- setup -->
        <test-method signature="DeleteUserByID(java.lang.String,java.lang.String,java.lang.String,java.lang.String,java.lang.String,java.lang.String)[pri:6, instance:userAPI.test.UserAPI@69c43e48]" started-at="2025-02-11T03:02:27 CST" name="DeleteUserByID" data-provider="DeleteUserById" finished-at="2025-02-11T03:02:28 CST" duration-ms="352" status="PASS">
          <params>
            <param index="0">
              <value>
                <![CDATA[deleteuser]]>
              </value>
            </param>
            <param index="1">
              <value>
                <![CDATA[]]>
              </value>
            </param>
            <param index="2">
              <value>
                <![CDATA[Invalid]]>
              </value>
            </param>
            <param index="3">
              <value>
                <![CDATA[]]>
              </value>
            </param>
            <param index="4">
              <value>
                <![CDATA[401]]>
              </value>
            </param>
            <param index="5">
              <value>
                <![CDATA[Invalid auth Username]]>
              </value>
            </param>
          </params>
          <reporter-output>
          </reporter-output>
        </test-method> <!-- DeleteUserByID -->
        <test-method is-config="true" signature="setup()[pri:0, instance:userAPI.test.UserAPI@69c43e48]" started-at="2025-02-11T03:02:28 CST" name="setup" finished-at="2025-02-11T03:02:28 CST" duration-ms="0" status="PASS">
          <reporter-output>
          </reporter-output>
        </test-method> <!-- setup -->
        <test-method signature="DeleteUserByID(java.lang.String,java.lang.String,java.lang.String,java.lang.String,java.lang.String,java.lang.String)[pri:6, instance:userAPI.test.UserAPI@69c43e48]" started-at="2025-02-11T03:02:28 CST" name="DeleteUserByID" data-provider="DeleteUserById" finished-at="2025-02-11T03:02:28 CST" duration-ms="349" status="PASS">
          <params>
            <param index="0">
              <value>
                <![CDATA[deleteuser]]>
              </value>
            </param>
            <param index="1">
              <value>
                <![CDATA[]]>
              </value>
            </param>
            <param index="2">
              <value>
                <![CDATA[]]>
              </value>
            </param>
            <param index="3">
              <value>
                <![CDATA[Invalid]]>
              </value>
            </param>
            <param index="4">
              <value>
                <![CDATA[401]]>
              </value>
            </param>
            <param index="5">
              <value>
                <![CDATA[Invalid auth pwd]]>
              </value>
            </param>
          </params>
          <reporter-output>
          </reporter-output>
        </test-method> <!-- DeleteUserByID -->
        <test-method signature="DeleteUserByID(java.lang.String,java.lang.String,java.lang.String,java.lang.String,java.lang.String,java.lang.String)[pri:6, instance:userAPI.test.UserAPI@69c43e48]" started-at="2025-02-11T03:02:28 CST" name="DeleteUserByID" data-provider="DeleteUserById" finished-at="2025-02-11T03:02:29 CST" duration-ms="344" status="PASS">
          <params>
            <param index="0">
              <value>
                <![CDATA[deleteuser]]>
              </value>
            </param>
            <param index="1">
              <value>
                <![CDATA[]]>
              </value>
            </param>
            <param index="2">
              <value>
                <![CDATA[noAuth]]>
              </value>
            </param>
            <param index="3">
              <value>
                <![CDATA[]]>
              </value>
            </param>
            <param index="4">
              <value>
                <![CDATA[401]]>
              </value>
            </param>
            <param index="5">
              <value>
                <![CDATA[Without Auth]]>
              </value>
            </param>
          </params>
          <reporter-output>
          </reporter-output>
        </test-method> <!-- DeleteUserByID -->
        <test-method is-config="true" signature="setup()[pri:0, instance:userAPI.test.UserAPI@69c43e48]" started-at="2025-02-11T03:02:28 CST" name="setup" finished-at="2025-02-11T03:02:28 CST" duration-ms="0" status="PASS">
          <reporter-output>
          </reporter-output>
        </test-method> <!-- setup -->
        <test-method signature="testPostUserWithMandatoryDetails(java.lang.String,java.lang.String,java.lang.String,java.lang.String)[pri:7, instance:userAPI.test.UserAPI@69c43e48]" started-at="2025-02-11T03:02:29 CST" name="testPostUserWithMandatoryDetails" finished-at="2025-02-11T03:02:29 CST" duration-ms="0" status="FAIL">
          <exception class="org.testng.TestNGException">
            <message>
              <![CDATA[
Cannot inject @Test annotated Method [testPostUserWithMandatoryDetails] with [class java.lang.String, class java.lang.String, class java.lang.String, class java.lang.String].
For more information on native dependency injection please refer to https://testng.org/doc/documentation-main.html#native-dependency-injection]]>
            </message>
            <full-stacktrace>
              <![CDATA[org.testng.TestNGException: 
Cannot inject @Test annotated Method [testPostUserWithMandatoryDetails] with [class java.lang.String, class java.lang.String, class java.lang.String, class java.lang.String].
For more information on native dependency injection please refer to https://testng.org/doc/documentation-main.html#native-dependency-injection
at org.testng.internal.Parameters.checkParameterTypes(Parameters.java:445)
at org.testng.internal.Parameters.createParametersForMethod(Parameters.java:350)
at org.testng.internal.Parameters.createParameters(Parameters.java:702)
at org.testng.internal.Parameters.handleParameters(Parameters.java:888)
at org.testng.internal.Parameters.handleParameters(Parameters.java:737)
at org.testng.internal.invokers.ParameterHandler.handleParameters(ParameterHandler.java:72)
at org.testng.internal.invokers.ParameterHandler.createParameters(ParameterHandler.java:51)
at org.testng.internal.invokers.TestInvoker$MethodInvocationAgent.invoke(TestInvoker.java:915)
at org.testng.internal.invokers.TestInvoker.invokeTestMethods(TestInvoker.java:201)
at org.testng.internal.invokers.TestMethodWorker.invokeTestMethods(TestMethodWorker.java:148)
at org.testng.internal.invokers.TestMethodWorker.run(TestMethodWorker.java:128)
at java.base/java.util.ArrayList.forEach(ArrayList.java:1597)
at org.testng.TestRunner.privateRun(TestRunner.java:819)
at org.testng.TestRunner.run(TestRunner.java:619)
at org.testng.SuiteRunner.runTest(SuiteRunner.java:443)
at org.testng.SuiteRunner.runSequentially(SuiteRunner.java:437)
at org.testng.SuiteRunner.privateRun(SuiteRunner.java:397)
at org.testng.SuiteRunner.run(SuiteRunner.java:336)
at org.testng.SuiteRunnerWorker.runSuite(SuiteRunnerWorker.java:52)
at org.testng.SuiteRunnerWorker.run(SuiteRunnerWorker.java:95)
at org.testng.TestNG.runSuitesSequentially(TestNG.java:1301)
at org.testng.TestNG.runSuitesLocally(TestNG.java:1228)
at org.testng.TestNG.runSuites(TestNG.java:1134)
at org.testng.TestNG.run(TestNG.java:1101)
at org.testng.remote.AbstractRemoteTestNG.run(AbstractRemoteTestNG.java:115)
at org.testng.remote.RemoteTestNG.initAndRun(RemoteTestNG.java:293)
at org.testng.remote.RemoteTestNG.main(RemoteTestNG.java:91)
]]>
            </full-stacktrace>
          </exception> <!-- org.testng.TestNGException -->
          <reporter-output>
          </reporter-output>
        </test-method> <!-- testPostUserWithMandatoryDetails -->
        <test-method signature="DeleteUserByFirstName(java.lang.String,java.lang.String,java.lang.String,java.lang.String,java.lang.String,java.lang.String,java.lang.String)[pri:8, instance:userAPI.test.UserAPI@69c43e48]" started-at="2025-02-11T03:02:29 CST" name="DeleteUserByFirstName" data-provider="DeleteUserByFirstName" finished-at="2025-02-11T03:02:29 CST" duration-ms="460" status="FAIL">
          <exception class="org.testng.internal.reflect.MethodMatcherException">
            <message>
              <![CDATA[
[public void userAPI.test.UserAPI.DeleteUserByFirstName(java.lang.String,java.lang.String,java.lang.String,java.lang.String,java.lang.String,java.lang.String,java.lang.String)] has no parameters defined but was found to be using a data provider (either explicitly specified or inherited from class level annotation).
Data provider mismatch
Method: DeleteUserByFirstName([java.lang.String arg0, java.lang.String arg1, java.lang.String arg2, java.lang.String arg3, java.lang.String arg4, java.lang.String arg5, java.lang.String arg6])
Arguments: [(java.lang.String) ,(java.lang.String) ,(java.lang.String) ,(java.lang.String) 200,(java.lang.String) Valid User FirstName(401)]]]>
            </message>
            <full-stacktrace>
              <![CDATA[org.testng.internal.reflect.MethodMatcherException: 
[public void userAPI.test.UserAPI.DeleteUserByFirstName(java.lang.String,java.lang.String,java.lang.String,java.lang.String,java.lang.String,java.lang.String,java.lang.String)] has no parameters defined but was found to be using a data provider (either explicitly specified or inherited from class level annotation).
Data provider mismatch
Method: DeleteUserByFirstName([java.lang.String arg0, java.lang.String arg1, java.lang.String arg2, java.lang.String arg3, java.lang.String arg4, java.lang.String arg5, java.lang.String arg6])
Arguments: [(java.lang.String) ,(java.lang.String) ,(java.lang.String) ,(java.lang.String) 200,(java.lang.String) Valid User FirstName(401)]
at org.testng.internal.reflect.DataProviderMethodMatcher.getConformingArguments(DataProviderMethodMatcher.java:46)
at org.testng.internal.Parameters.injectParameters(Parameters.java:918)
at org.testng.internal.invokers.MethodRunner.runInSequence(MethodRunner.java:50)
at org.testng.internal.invokers.TestInvoker$MethodInvocationAgent.invoke(TestInvoker.java:961)
at org.testng.internal.invokers.TestInvoker.invokeTestMethods(TestInvoker.java:201)
at org.testng.internal.invokers.TestMethodWorker.invokeTestMethods(TestMethodWorker.java:148)
at org.testng.internal.invokers.TestMethodWorker.run(TestMethodWorker.java:128)
at java.base/java.util.ArrayList.forEach(ArrayList.java:1597)
at org.testng.TestRunner.privateRun(TestRunner.java:819)
at org.testng.TestRunner.run(TestRunner.java:619)
at org.testng.SuiteRunner.runTest(SuiteRunner.java:443)
at org.testng.SuiteRunner.runSequentially(SuiteRunner.java:437)
at org.testng.SuiteRunner.privateRun(SuiteRunner.java:397)
at org.testng.SuiteRunner.run(SuiteRunner.java:336)
at org.testng.SuiteRunnerWorker.runSuite(SuiteRunnerWorker.java:52)
at org.testng.SuiteRunnerWorker.run(SuiteRunnerWorker.java:95)
at org.testng.TestNG.runSuitesSequentially(TestNG.java:1301)
at org.testng.TestNG.runSuitesLocally(TestNG.java:1228)
at org.testng.TestNG.runSuites(TestNG.java:1134)
at org.testng.TestNG.run(TestNG.java:1101)
at org.testng.remote.AbstractRemoteTestNG.run(AbstractRemoteTestNG.java:115)
at org.testng.remote.RemoteTestNG.initAndRun(RemoteTestNG.java:293)
at org.testng.remote.RemoteTestNG.main(RemoteTestNG.java:91)
]]>
            </full-stacktrace>
          </exception> <!-- org.testng.internal.reflect.MethodMatcherException -->
          <reporter-output>
          </reporter-output>
        </test-method> <!-- DeleteUserByFirstName -->
      </class> <!-- userAPI.test.UserAPI -->
    </test> <!-- Default test -->
  </suite> <!-- Default suite -->
</testng-results>
